<?xml version="1.0" encoding="UTF-8"?>
<testng-results skipped="0" failed="0" total="1" passed="1">
  <reporter-output>
  </reporter-output>
  <suite name="Default suite" duration-ms="193" started-at="2021-12-12T04:47:21Z" finished-at="2021-12-12T04:47:21Z">
    <groups>
    </groups>
    <test name="Default test" duration-ms="193" started-at="2021-12-12T04:47:21Z" finished-at="2021-12-12T04:47:21Z">
      <class name="GitTest.GitTestApp.LoginPage">
        <test-method status="PASS" signature="tc_1()[pri:0, instance:GitTest.GitTestApp.LoginPage@2b98378d]" name="tc_1" duration-ms="79" started-at="2021-12-12T10:17:21Z" finished-at="2021-12-12T10:17:21Z">
          <reporter-output>
          </reporter-output>
        </test-method> <!-- tc_1 -->
      </class> <!-- GitTest.GitTestApp.LoginPage -->
    </test> <!-- Default test -->
  </suite> <!-- Default suite -->
</testng-results>
